<?xml version="1.0" encoding="UTF-8"?>
<testng-results skipped="0" failed="0" ignored="0" total="1" passed="1">
  <reporter-output>
  </reporter-output>
  <suite name="Default suite" duration-ms="747" started-at="2019-06-23T05:48:48Z" finished-at="2019-06-23T05:48:49Z">
    <groups>
    </groups>
    <test name="Default test" duration-ms="747" started-at="2019-06-23T05:48:48Z" finished-at="2019-06-23T05:48:49Z">
      <class name="myproject.three">
        <test-method status="PASS" signature="logs()[pri:0, instance:myproject.three@46d56d67]" name="logs" duration-ms="701" started-at="2019-06-23T05:48:48Z" finished-at="2019-06-23T05:48:49Z">
          <reporter-output>
          </reporter-output>
        </test-method> <!-- logs -->
      </class> <!-- myproject.three -->
    </test> <!-- Default test -->
  </suite> <!-- Default suite -->
</testng-results>
